# JRE version: OpenJDK Runtime Environment Temurin-21.0.10+7 (21.0.10+7) (build 21.0.10+7-LTS)
# Java VM: OpenJDK 64-Bit Server VM Temurin-21.0.10+7 (21.0.10+7-LTS, mixed mode, sharing, tiered, compressed oops, compressed class ptrs, parallel gc, windows-amd64)
GC Precious Log:
 CardTable entry size: 512
 CPUs: 12 total, 12 available
 Memory: 16309M
 Large Page Support: Disabled
 NUMA Support: Disabled
 Compressed Oops: Enabled (32-bit)
 Alignments: Space 512K, Generation 512K, Heap 2M
 Heap Min Capacity: 100M
 Heap Initial Capacity: 100M
 Heap Max Capacity: 2G
 Pre-touch: Disabled
 Parallel Workers: 10
Heap:
 PSYoungGen      total 7680K, used 6294K [0x00000000d5580000, 0x00000000d5e80000, 0x0000000100000000)
  eden space 5632K, 98% used [0x00000000d5580000,0x00000000d5ae5860,0x00000000d5b00000)
  from space 2048K, 37% used [0x00000000d5c80000,0x00000000d5d40000,0x00000000d5e80000)
  to   space 1536K, 20% used [0x00000000d5b00000,0x00000000d5b50000,0x00000000d5c80000)
 ParOldGen       total 1065984K, used 1065488K [0x0000000080000000, 0x00000000c1100000, 0x00000000d5580000)
  object space 1065984K, 99% used [0x0000000080000000,0x00000000c10843d8,0x00000000c1100000)
 Metaspace       used 85889K, committed 87616K, reserved 1179648K
  class space    used 9925K, committed 10688K, reserved 1048576K
GC Heap History (20 events):
Event: 98.441 GC heap before
{Heap before GC invocations=1512 (full 3):
 PSYoungGen      total 3072K, used 2912K [0x00000000d5580000, 0x00000000d5980000, 0x0000000100000000)
  eden space 2560K, 100% used [0x00000000d5580000,0x00000000d5800000,0x00000000d5800000)
  from space 512K, 68% used [0x00000000d5900000,0x00000000d5958000,0x00000000d5980000)
  to   space 512K, 0% used [0x00000000d5880000,0x00000000d5880000,0x00000000d5900000)
 ParOldGen       total 1057792K, used 1057352K [0x0000000080000000, 0x00000000c0900000, 0x00000000d5580000)
  object space 1057792K, 99% used [0x0000000080000000,0x00000000c08923b0,0x00000000c0900000)
 Metaspace       used 85260K, committed 86976K, reserved 1179648K
  class space    used 9880K, committed 10624K, reserved 1048576K
}
Event: 98.442 GC heap after
{Heap after GC invocations=1512 (full 3):
 PSYoungGen      total 3584K, used 480K [0x00000000d5580000, 0x00000000d5980000, 0x0000000100000000)
  eden space 3072K, 0% used [0x00000000d5580000,0x00000000d5580000,0x00000000d5880000)
  from space 512K, 93% used [0x00000000d5880000,0x00000000d58f8020,0x00000000d5900000)
  to   space 512K, 0% used [0x00000000d5900000,0x00000000d5900000,0x00000000d5980000)
 ParOldGen       total 1057792K, used 1057536K [0x0000000080000000, 0x00000000c0900000, 0x00000000d5580000)
  object space 1057792K, 99% used [0x0000000080000000,0x00000000c08c03b0,0x00000000c0900000)
 Metaspace       used 85260K, committed 86976K, reserved 1179648K
  class space    used 9880K, committed 10624K, reserved 1048576K
}
Event: 98.451 GC heap before
{Heap before GC invocations=1513 (full 3):
 PSYoungGen      total 3584K, used 3552K [0x00000000d5580000, 0x00000000d5980000, 0x0000000100000000)
  eden space 3072K, 100% used [0x00000000d5580000,0x00000000d5880000,0x00000000d5880000)
  from space 512K, 93% used [0x00000000d5880000,0x00000000d58f8020,0x00000000d5900000)
  to   space 512K, 0% used [0x00000000d5900000,0x00000000d5900000,0x00000000d5980000)
 ParOldGen       total 1057792K, used 1057536K [0x0000000080000000, 0x00000000c0900000, 0x00000000d5580000)
  object space 1057792K, 99% used [0x0000000080000000,0x00000000c08c03b0,0x00000000c0900000)
 Metaspace       used 85261K, committed 86976K, reserved 1179648K
  class space    used 9880K, committed 10624K, reserved 1048576K
}
Event: 98.453 GC heap after
{Heap after GC invocations=1513 (full 3):
 PSYoungGen      total 2560K, used 512K [0x00000000d5580000, 0x00000000d5c80000, 0x0000000100000000)
  eden space 2048K, 0% used [0x00000000d5580000,0x00000000d5580000,0x00000000d5780000)
  from space 512K, 100% used [0x00000000d5900000,0x00000000d5980000,0x00000000d5980000)
  to   space 1536K, 0% used [0x00000000d5780000,0x00000000d5780000,0x00000000d5900000)
 ParOldGen       total 1058304K, used 1057983K [0x0000000080000000, 0x00000000c0980000, 0x00000000d5580000)
  object space 1058304K, 99% used [0x0000000080000000,0x00000000c092fce0,0x00000000c0980000)
 Metaspace       used 85261K, committed 86976K, reserved 1179648K
  class space    used 9880K, committed 10624K, reserved 1048576K
}
Event: 98.461 GC heap before
{Heap before GC invocations=1514 (full 3):
 PSYoungGen      total 2560K, used 2240K [0x00000000d5580000, 0x00000000d5c80000, 0x0000000100000000)
  eden space 2048K, 84% used [0x00000000d5580000,0x00000000d57303c0,0x00000000d5780000)
  from space 512K, 100% used [0x00000000d5900000,0x00000000d5980000,0x00000000d5980000)
  to   space 1536K, 0% used [0x00000000d5780000,0x00000000d5780000,0x00000000d5900000)
 ParOldGen       total 1058304K, used 1057983K [0x0000000080000000, 0x00000000c0980000, 0x00000000d5580000)
  object space 1058304K, 99% used [0x0000000080000000,0x00000000c092fce0,0x00000000c0980000)
 Metaspace       used 85298K, committed 86976K, reserved 1179648K
  class space    used 9883K, committed 10624K, reserved 1048576K
}
Event: 98.463 GC heap after
{Heap after GC invocations=1514 (full 3):
 PSYoungGen      total 3584K, used 384K [0x00000000d5580000, 0x00000000d5a00000, 0x0000000100000000)
  eden space 2048K, 0% used [0x00000000d5580000,0x00000000d5580000,0x00000000d5780000)
  from space 1536K, 25% used [0x00000000d5780000,0x00000000d57e0000,0x00000000d5900000)
  to   space 1024K, 0% used [0x00000000d5900000,0x00000000d5900000,0x00000000d5a00000)
 ParOldGen       total 1058816K, used 1058470K [0x0000000080000000, 0x00000000c0a00000, 0x00000000d5580000)
  object space 1058816K, 99% used [0x0000000080000000,0x00000000c09a9938,0x00000000c0a00000)
 Metaspace       used 85298K, committed 86976K, reserved 1179648K
  class space    used 9883K, committed 10624K, reserved 1048576K
}
Event: 98.467 GC heap before
{Heap before GC invocations=1515 (full 3):
 PSYoungGen      total 3584K, used 2382K [0x00000000d5580000, 0x00000000d5a00000, 0x0000000100000000)
  eden space 2048K, 97% used [0x00000000d5580000,0x00000000d5773a08,0x00000000d5780000)
  from space 1536K, 25% used [0x00000000d5780000,0x00000000d57e0000,0x00000000d5900000)
  to   space 1024K, 0% used [0x00000000d5900000,0x00000000d5900000,0x00000000d5a00000)
 ParOldGen       total 1058816K, used 1058470K [0x0000000080000000, 0x00000000c0a00000, 0x00000000d5580000)
  object space 1058816K, 99% used [0x0000000080000000,0x00000000c09a9938,0x00000000c0a00000)
 Metaspace       used 85317K, committed 87040K, reserved 1179648K
  class space    used 9885K, committed 10624K, reserved 1048576K
}
Event: 98.470 GC heap after
{Heap after GC invocations=1515 (full 3):
 PSYoungGen      total 3584K, used 837K [0x00000000d5580000, 0x00000000d5a00000, 0x0000000100000000)
  eden space 2560K, 0% used [0x00000000d5580000,0x00000000d5580000,0x00000000d5800000)
  from space 1024K, 81% used [0x00000000d5900000,0x00000000d59d1778,0x00000000d5a00000)
  to   space 1024K, 0% used [0x00000000d5800000,0x00000000d5800000,0x00000000d5900000)
 ParOldGen       total 1059840K, used 1059280K [0x0000000080000000, 0x00000000c0b00000, 0x00000000d5580000)
  object space 1059840K, 99% used [0x0000000080000000,0x00000000c0a74350,0x00000000c0b00000)
 Metaspace       used 85317K, committed 87040K, reserved 1179648K
  class space    used 9885K, committed 10624K, reserved 1048576K
}
Event: 98.484 GC heap before
{Heap before GC invocations=1516 (full 3):
 PSYoungGen      total 3584K, used 3397K [0x00000000d5580000, 0x00000000d5a00000, 0x0000000100000000)
  eden space 2560K, 100% used [0x00000000d5580000,0x00000000d5800000,0x00000000d5800000)
  from space 1024K, 81% used [0x00000000d5900000,0x00000000d59d1778,0x00000000d5a00000)
  to   space 1024K, 0% used [0x00000000d5800000,0x00000000d5800000,0x00000000d5900000)
 ParOldGen       total 1059840K, used 1059280K [0x0000000080000000, 0x00000000c0b00000, 0x00000000d5580000)
  object space 1059840K, 99% used [0x0000000080000000,0x00000000c0a74350,0x00000000c0b00000)
 Metaspace       used 85338K, committed 87040K, reserved 1179648K
  class space    used 9890K, committed 10624K, reserved 1048576K
}
Event: 98.487 GC heap after
{Heap after GC invocations=1516 (full 3):
 PSYoungGen      total 3584K, used 516K [0x00000000d5580000, 0x00000000d5a80000, 0x0000000100000000)
  eden space 2560K, 0% used [0x00000000d5580000,0x00000000d5580000,0x00000000d5800000)
  from space 1024K, 50% used [0x00000000d5800000,0x00000000d58813f0,0x00000000d5900000)
  to   space 1024K, 0% used [0x00000000d5980000,0x00000000d5980000,0x00000000d5a80000)
 ParOldGen       total 1061888K, used 1061354K [0x0000000080000000, 0x00000000c0d00000, 0x00000000d5580000)
  object space 1061888K, 99% used [0x0000000080000000,0x00000000c0c7aa50,0x00000000c0d00000)
 Metaspace       used 85338K, committed 87040K, reserved 1179648K
  class space    used 9890K, committed 10624K, reserved 1048576K
}
Event: 98.491 GC heap before
{Heap before GC invocations=1517 (full 3):
 PSYoungGen      total 3584K, used 3076K [0x00000000d5580000, 0x00000000d5a80000, 0x0000000100000000)
  eden space 2560K, 100% used [0x00000000d5580000,0x00000000d5800000,0x00000000d5800000)
  from space 1024K, 50% used [0x00000000d5800000,0x00000000d58813f0,0x00000000d5900000)
  to   space 1024K, 0% used [0x00000000d5980000,0x00000000d5980000,0x00000000d5a80000)
 ParOldGen       total 1061888K, used 1061354K [0x0000000080000000, 0x00000000c0d00000, 0x00000000d5580000)
  object space 1061888K, 99% used [0x0000000080000000,0x00000000c0c7aa50,0x00000000c0d00000)
 Metaspace       used 85391K, committed 87104K, reserved 1179648K
  class space    used 9896K, committed 10624K, reserved 1048576K
}
Event: 98.493 GC heap after
{Heap after GC invocations=1517 (full 3):
 PSYoungGen      total 4096K, used 484K [0x00000000d5580000, 0x00000000d5a80000, 0x0000000100000000)
  eden space 3072K, 0% used [0x00000000d5580000,0x00000000d5580000,0x00000000d5880000)
  from space 1024K, 47% used [0x00000000d5980000,0x00000000d59f9210,0x00000000d5a80000)
  to   space 1024K, 0% used [0x00000000d5880000,0x00000000d5880000,0x00000000d5980000)
 ParOldGen       total 1061888K, used 1061570K [0x0000000080000000, 0x00000000c0d00000, 0x00000000d5580000)
  object space 1061888K, 99% used [0x0000000080000000,0x00000000c0cb08f0,0x00000000c0d00000)
 Metaspace       used 85391K, committed 87104K, reserved 1179648K
  class space    used 9896K, committed 10624K, reserved 1048576K
}
Event: 98.499 GC heap before
{Heap before GC invocations=1518 (full 3):
 PSYoungGen      total 4096K, used 3556K [0x00000000d5580000, 0x00000000d5a80000, 0x0000000100000000)
  eden space 3072K, 100% used [0x00000000d5580000,0x00000000d5880000,0x00000000d5880000)
  from space 1024K, 47% used [0x00000000d5980000,0x00000000d59f9210,0x00000000d5a80000)
  to   space 1024K, 0% used [0x00000000d5880000,0x00000000d5880000,0x00000000d5980000)
 ParOldGen       total 1061888K, used 1061570K [0x0000000080000000, 0x00000000c0d00000, 0x00000000d5580000)
  object space 1061888K, 99% used [0x0000000080000000,0x00000000c0cb08f0,0x00000000c0d00000)
 Metaspace       used 85462K, committed 87168K, reserved 1179648K
  class space    used 9897K, committed 10624K, reserved 1048576K
}
Event: 98.501 GC heap after
{Heap after GC invocations=1518 (full 3):
 PSYoungGen      total 4096K, used 995K [0x00000000d5580000, 0x00000000d5d80000, 0x0000000100000000)
  eden space 3072K, 0% used [0x00000000d5580000,0x00000000d5580000,0x00000000d5880000)
  from space 1024K, 97% used [0x00000000d5880000,0x00000000d5978f70,0x00000000d5980000)
  to   space 2048K, 0% used [0x00000000d5b80000,0x00000000d5b80000,0x00000000d5d80000)
 ParOldGen       total 1062400K, used 1061990K [0x0000000080000000, 0x00000000c0d80000, 0x00000000d5580000)
  object space 1062400K, 99% used [0x0000000080000000,0x00000000c0d19b10,0x00000000c0d80000)
 Metaspace       used 85462K, committed 87168K, reserved 1179648K
  class space    used 9897K, committed 10624K, reserved 1048576K
}
Event: 98.507 GC heap before
{Heap before GC invocations=1519 (full 3):
 PSYoungGen      total 4096K, used 4067K [0x00000000d5580000, 0x00000000d5d80000, 0x0000000100000000)
  eden space 3072K, 100% used [0x00000000d5580000,0x00000000d5880000,0x00000000d5880000)
  from space 1024K, 97% used [0x00000000d5880000,0x00000000d5978f70,0x00000000d5980000)
  to   space 2048K, 0% used [0x00000000d5b80000,0x00000000d5b80000,0x00000000d5d80000)
 ParOldGen       total 1062400K, used 1061990K [0x0000000080000000, 0x00000000c0d80000, 0x00000000d5580000)
  object space 1062400K, 99% used [0x0000000080000000,0x00000000c0d19b10,0x00000000c0d80000)
 Metaspace       used 85524K, committed 87232K, reserved 1179648K
  class space    used 9905K, committed 10624K, reserved 1048576K
}
Event: 98.509 GC heap after
{Heap after GC invocations=1519 (full 3):
 PSYoungGen      total 5120K, used 608K [0x00000000d5580000, 0x00000000d5c80000, 0x0000000100000000)
  eden space 4096K, 0% used [0x00000000d5580000,0x00000000d5580000,0x00000000d5980000)
  from space 1024K, 59% used [0x00000000d5b80000,0x00000000d5c18000,0x00000000d5c80000)
  to   space 1024K, 0% used [0x00000000d5a80000,0x00000000d5a80000,0x00000000d5b80000)
 ParOldGen       total 1063936K, used 1063433K [0x0000000080000000, 0x00000000c0f00000, 0x00000000d5580000)
  object space 1063936K, 99% used [0x0000000080000000,0x00000000c0e82690,0x00000000c0f00000)
 Metaspace       used 85524K, committed 87232K, reserved 1179648K
  class space    used 9905K, committed 10624K, reserved 1048576K
}
Event: 98.519 GC heap before
{Heap before GC invocations=1520 (full 3):
 PSYoungGen      total 5120K, used 4704K [0x00000000d5580000, 0x00000000d5c80000, 0x0000000100000000)
  eden space 4096K, 100% used [0x00000000d5580000,0x00000000d5980000,0x00000000d5980000)
  from space 1024K, 59% used [0x00000000d5b80000,0x00000000d5c18000,0x00000000d5c80000)
  to   space 1024K, 0% used [0x00000000d5a80000,0x00000000d5a80000,0x00000000d5b80000)
 ParOldGen       total 1063936K, used 1063433K [0x0000000080000000, 0x00000000c0f00000, 0x00000000d5580000)
  object space 1063936K, 99% used [0x0000000080000000,0x00000000c0e82690,0x00000000c0f00000)
 Metaspace       used 85527K, committed 87232K, reserved 1179648K
  class space    used 9905K, committed 10624K, reserved 1048576K
}
Event: 98.521 GC heap after
{Heap after GC invocations=1520 (full 3):
 PSYoungGen      total 6144K, used 992K [0x00000000d5580000, 0x00000000d5e80000, 0x0000000100000000)
  eden space 5120K, 0% used [0x00000000d5580000,0x00000000d5580000,0x00000000d5a80000)
  from space 1024K, 96% used [0x00000000d5a80000,0x00000000d5b78020,0x00000000d5b80000)
  to   space 2048K, 0% used [0x00000000d5c80000,0x00000000d5c80000,0x00000000d5e80000)
 ParOldGen       total 1064448K, used 1063941K [0x0000000080000000, 0x00000000c0f80000, 0x00000000d5580000)
  object space 1064448K, 99% used [0x0000000080000000,0x00000000c0f01408,0x00000000c0f80000)
 Metaspace       used 85527K, committed 87232K, reserved 1179648K
  class space    used 9905K, committed 10624K, reserved 1048576K
}
Event: 98.538 GC heap before
{Heap before GC invocations=1521 (full 3):
 PSYoungGen      total 6144K, used 6083K [0x00000000d5580000, 0x00000000d5e80000, 0x0000000100000000)
  eden space 5120K, 99% used [0x00000000d5580000,0x00000000d5a78ef8,0x00000000d5a80000)
  from space 1024K, 96% used [0x00000000d5a80000,0x00000000d5b78020,0x00000000d5b80000)
  to   space 2048K, 0% used [0x00000000d5c80000,0x00000000d5c80000,0x00000000d5e80000)
 ParOldGen       total 1064448K, used 1063941K [0x0000000080000000, 0x00000000c0f80000, 0x00000000d5580000)
  object space 1064448K, 99% used [0x0000000080000000,0x00000000c0f01408,0x00000000c0f80000)
 Metaspace       used 85646K, committed 87360K, reserved 1179648K
  class space    used 9913K, committed 10624K, reserved 1048576K
}
Event: 98.541 GC heap after
{Heap after GC invocations=1521 (full 3):
 PSYoungGen      total 7680K, used 768K [0x00000000d5580000, 0x00000000d5e80000, 0x0000000100000000)
  eden space 5632K, 0% used [0x00000000d5580000,0x00000000d5580000,0x00000000d5b00000)
  from space 2048K, 37% used [0x00000000d5c80000,0x00000000d5d40000,0x00000000d5e80000)
  to   space 1536K, 0% used [0x00000000d5b00000,0x00000000d5b00000,0x00000000d5c80000)
 ParOldGen       total 1065472K, used 1064960K [0x0000000080000000, 0x00000000c1080000, 0x00000000d5580000)
  object space 1065472K, 99% used [0x0000000080000000,0x00000000c1000070,0x00000000c1080000)
 Metaspace       used 85646K, committed 87360K, reserved 1179648K
  class space    used 9913K, committed 10624K, reserved 1048576K
}

