# JRE version: OpenJDK Runtime Environment Temurin-17.0.19+10 (17.0.19+10) (build 17.0.19+10)
# Java VM: OpenJDK 64-Bit Server VM Temurin-17.0.19+10 (17.0.19+10, mixed mode, sharing, tiered, compressed oops, compressed class ptrs, g1 gc, windows-amd64)
GC Precious Log:
 CPUs: 12 total, 12 available
 Memory: 16309M
 Large Page Support: Disabled
 NUMA Support: Disabled
 Compressed Oops: Enabled (Zero based)
 Heap Region Size: 2M
 Heap Min Capacity: 8M
 Heap Initial Capacity: 256M
 Heap Max Capacity: 3G
 Pre-touch: Disabled
 Parallel Workers: 10
 Concurrent Workers: 3
 Concurrent Refinement Workers: 10
 Periodic GC: Disabled
Heap:
 garbage-first heap   total 215040K, used 88293K [0x0000000740000000, 0x0000000800000000)
  region size 2048K, 4 young (8192K), 4 survivors (8192K)
 Metaspace       used 72095K, committed 72704K, reserved 1114112K
  class space    used 9946K, committed 10240K, reserved 1048576K
GC Heap History (20 events):
Event: 11.461 GC heap after
{Heap after GC invocations=36 (full 0):
 garbage-first heap   total 178176K, used 63092K [0x0000000740000000, 0x0000000800000000)
  region size 2048K, 2 young (4096K), 2 survivors (4096K)
 Metaspace       used 48380K, committed 48832K, reserved 1114112K
  class space    used 6778K, committed 6976K, reserved 1048576K
}
Event: 11.739 GC heap before
{Heap before GC invocations=36 (full 0):
 garbage-first heap   total 178176K, used 151156K [0x0000000740000000, 0x0000000800000000)
  region size 2048K, 46 young (94208K), 2 survivors (4096K)
 Metaspace       used 48509K, committed 48896K, reserved 1114112K
  class space    used 6797K, committed 6976K, reserved 1048576K
}
Event: 11.740 GC heap after
{Heap after GC invocations=37 (full 0):
 garbage-first heap   total 178176K, used 61095K [0x0000000740000000, 0x0000000800000000)
  region size 2048K, 1 young (2048K), 1 survivors (2048K)
 Metaspace       used 48509K, committed 48896K, reserved 1114112K
  class space    used 6797K, committed 6976K, reserved 1048576K
}
Event: 11.919 GC heap before
{Heap before GC invocations=37 (full 0):
 garbage-first heap   total 178176K, used 153255K [0x0000000740000000, 0x0000000800000000)
  region size 2048K, 46 young (94208K), 1 survivors (2048K)
 Metaspace       used 48664K, committed 49088K, reserved 1114112K
  class space    used 6807K, committed 6976K, reserved 1048576K
}
Event: 11.920 GC heap after
{Heap after GC invocations=38 (full 0):
 garbage-first heap   total 178176K, used 62305K [0x0000000740000000, 0x0000000800000000)
  region size 2048K, 2 young (4096K), 2 survivors (4096K)
 Metaspace       used 48664K, committed 49088K, reserved 1114112K
  class space    used 6807K, committed 6976K, reserved 1048576K
}
Event: 12.652 GC heap before
{Heap before GC invocations=38 (full 0):
 garbage-first heap   total 178176K, used 148321K [0x0000000740000000, 0x0000000800000000)
  region size 2048K, 45 young (92160K), 2 survivors (4096K)
 Metaspace       used 55511K, committed 56128K, reserved 1114112K
  class space    used 7765K, committed 8064K, reserved 1048576K
}
Event: 12.655 GC heap after
{Heap after GC invocations=39 (full 0):
 garbage-first heap   total 178176K, used 67943K [0x0000000740000000, 0x0000000800000000)
  region size 2048K, 4 young (8192K), 4 survivors (8192K)
 Metaspace       used 55511K, committed 56128K, reserved 1114112K
  class space    used 7765K, committed 8064K, reserved 1048576K
}
Event: 14.664 GC heap before
{Heap before GC invocations=39 (full 0):
 garbage-first heap   total 178176K, used 147815K [0x0000000740000000, 0x0000000800000000)
  region size 2048K, 43 young (88064K), 4 survivors (8192K)
 Metaspace       used 64006K, committed 64640K, reserved 1114112K
  class space    used 8787K, committed 9088K, reserved 1048576K
}
Event: 14.668 GC heap after
{Heap after GC invocations=40 (full 0):
 garbage-first heap   total 178176K, used 76162K [0x0000000740000000, 0x0000000800000000)
  region size 2048K, 6 young (12288K), 6 survivors (12288K)
 Metaspace       used 64006K, committed 64640K, reserved 1114112K
  class space    used 8787K, committed 9088K, reserved 1048576K
}
Event: 15.118 GC heap before
{Heap before GC invocations=40 (full 0):
 garbage-first heap   total 178176K, used 145794K [0x0000000740000000, 0x0000000800000000)
  region size 2048K, 40 young (81920K), 6 survivors (12288K)
 Metaspace       used 68034K, committed 68672K, reserved 1114112K
  class space    used 9407K, committed 9728K, reserved 1048576K
}
Event: 15.123 GC heap after
{Heap after GC invocations=41 (full 0):
 garbage-first heap   total 178176K, used 82125K [0x0000000740000000, 0x0000000800000000)
  region size 2048K, 4 young (8192K), 4 survivors (8192K)
 Metaspace       used 68034K, committed 68672K, reserved 1114112K
  class space    used 9407K, committed 9728K, reserved 1048576K
}
Event: 15.388 GC heap before
{Heap before GC invocations=41 (full 0):
 garbage-first heap   total 178176K, used 129229K [0x0000000740000000, 0x0000000800000000)
  region size 2048K, 28 young (57344K), 4 survivors (8192K)
 Metaspace       used 70238K, committed 70912K, reserved 1114112K
  class space    used 9752K, committed 10048K, reserved 1048576K
}
Event: 15.391 GC heap after
{Heap after GC invocations=42 (full 0):
 garbage-first heap   total 215040K, used 86170K [0x0000000740000000, 0x0000000800000000)
  region size 2048K, 3 young (6144K), 3 survivors (6144K)
 Metaspace       used 70238K, committed 70912K, reserved 1114112K
  class space    used 9752K, committed 10048K, reserved 1048576K
}
Event: 15.501 GC heap before
{Heap before GC invocations=42 (full 0):
 garbage-first heap   total 215040K, used 106650K [0x0000000740000000, 0x0000000800000000)
  region size 2048K, 7 young (14336K), 3 survivors (6144K)
 Metaspace       used 70737K, committed 71424K, reserved 1114112K
  class space    used 9814K, committed 10112K, reserved 1048576K
}
Event: 15.505 GC heap after
{Heap after GC invocations=43 (full 0):
 garbage-first heap   total 215040K, used 86567K [0x0000000740000000, 0x0000000800000000)
  region size 2048K, 3 young (6144K), 3 survivors (6144K)
 Metaspace       used 70737K, committed 71424K, reserved 1114112K
  class space    used 9814K, committed 10112K, reserved 1048576K
}
Event: 15.633 GC heap before
{Heap before GC invocations=43 (full 0):
 garbage-first heap   total 215040K, used 96807K [0x0000000740000000, 0x0000000800000000)
  region size 2048K, 7 young (14336K), 3 survivors (6144K)
 Metaspace       used 71851K, committed 72512K, reserved 1114112K
  class space    used 9932K, committed 10240K, reserved 1048576K
}
Event: 15.635 GC heap after
{Heap after GC invocations=44 (full 0):
 garbage-first heap   total 215040K, used 86850K [0x0000000740000000, 0x0000000800000000)
  region size 2048K, 3 young (6144K), 3 survivors (6144K)
 Metaspace       used 71851K, committed 72512K, reserved 1114112K
  class space    used 9932K, committed 10240K, reserved 1048576K
}
Event: 15.823 GC heap before
{Heap before GC invocations=44 (full 0):
 garbage-first heap   total 215040K, used 121666K [0x0000000740000000, 0x0000000800000000)
  region size 2048K, 10 young (20480K), 3 survivors (6144K)
 Metaspace       used 72076K, committed 72704K, reserved 1114112K
  class space    used 9946K, committed 10240K, reserved 1048576K
}
Event: 15.827 GC heap after
{Heap after GC invocations=45 (full 0):
 garbage-first heap   total 215040K, used 88320K [0x0000000740000000, 0x0000000800000000)
  region size 2048K, 4 young (8192K), 4 survivors (8192K)
 Metaspace       used 72076K, committed 72704K, reserved 1114112K
  class space    used 9946K, committed 10240K, reserved 1048576K
}
Event: 15.853 GC heap before
{Heap before GC invocations=45 (full 0):
 garbage-first heap   total 215040K, used 112896K [0x0000000740000000, 0x0000000800000000)
  region size 2048K, 6 young (12288K), 4 survivors (8192K)
 Metaspace       used 72095K, committed 72704K, reserved 1114112K
  class space    used 9946K, committed 10240K, reserved 1048576K
}

