# JRE version: OpenJDK Runtime Environment Temurin-21.0.10+7 (21.0.10+7) (build 21.0.10+7-LTS)
# Java VM: OpenJDK 64-Bit Server VM Temurin-21.0.10+7 (21.0.10+7-LTS, mixed mode, sharing, tiered, compressed oops, compressed class ptrs, parallel gc, windows-amd64)
GC Precious Log:
 CardTable entry size: 512
 CPUs: 12 total, 12 available
 Memory: 16309M
 Large Page Support: Disabled
 NUMA Support: Disabled
 Compressed Oops: Enabled (32-bit)
 Alignments: Space 512K, Generation 512K, Heap 2M
 Heap Min Capacity: 100M
 Heap Initial Capacity: 100M
 Heap Max Capacity: 2G
 Pre-touch: Disabled
 Parallel Workers: 10
Heap:
 PSYoungGen      total 15360K, used 6797K [0x00000000d5580000, 0x00000000d6880000, 0x0000000100000000)
  eden space 12288K, 30% used [0x00000000d5580000,0x00000000d592b618,0x00000000d6180000)
  from space 3072K, 98% used [0x00000000d6280000,0x00000000d6578010,0x00000000d6580000)
  to   space 3072K, 0% used [0x00000000d6580000,0x00000000d6580000,0x00000000d6880000)
 ParOldGen       total 815104K, used 814646K [0x0000000080000000, 0x00000000b1c00000, 0x00000000d5580000)
  object space 815104K, 99% used [0x0000000080000000,0x00000000b1b8d828,0x00000000b1c00000)
 Metaspace       used 83661K, committed 85248K, reserved 1179648K
  class space    used 8317K, committed 9152K, reserved 1048576K
GC Heap History (20 events):
Event: 5276.000 GC heap before
{Heap before GC invocations=3433 (full 7):
 PSYoungGen      total 10752K, used 10735K [0x00000000d5580000, 0x00000000d6a00000, 0x0000000100000000)
  eden space 8704K, 100% used [0x00000000d5580000,0x00000000d5e00000,0x00000000d5e00000)
  from space 2048K, 99% used [0x00000000d5e00000,0x00000000d5ffbdd8,0x00000000d6000000)
  to   space 5120K, 0% used [0x00000000d6500000,0x00000000d6500000,0x00000000d6a00000)
 ParOldGen       total 786944K, used 786511K [0x0000000080000000, 0x00000000b0080000, 0x00000000d5580000)
  object space 786944K, 99% used [0x0000000080000000,0x00000000b0013fb0,0x00000000b0080000)
 Metaspace       used 83653K, committed 85248K, reserved 1179648K
  class space    used 8317K, committed 9152K, reserved 1048576K
}
Event: 5276.002 GC heap after
{Heap after GC invocations=3433 (full 7):
 PSYoungGen      total 14848K, used 3603K [0x00000000d5580000, 0x00000000d6900000, 0x0000000100000000)
  eden space 10752K, 0% used [0x00000000d5580000,0x00000000d5580000,0x00000000d6000000)
  from space 4096K, 87% used [0x00000000d6500000,0x00000000d6884d28,0x00000000d6900000)
  to   space 4096K, 0% used [0x00000000d6100000,0x00000000d6100000,0x00000000d6500000)
 ParOldGen       total 788992K, used 788534K [0x0000000080000000, 0x00000000b0280000, 0x00000000d5580000)
  object space 788992K, 99% used [0x0000000080000000,0x00000000b020d8a8,0x00000000b0280000)
 Metaspace       used 83653K, committed 85248K, reserved 1179648K
  class space    used 8317K, committed 9152K, reserved 1048576K
}
Event: 5276.010 GC heap before
{Heap before GC invocations=3434 (full 7):
 PSYoungGen      total 14848K, used 14355K [0x00000000d5580000, 0x00000000d6900000, 0x0000000100000000)
  eden space 10752K, 100% used [0x00000000d5580000,0x00000000d6000000,0x00000000d6000000)
  from space 4096K, 87% used [0x00000000d6500000,0x00000000d6884d28,0x00000000d6900000)
  to   space 4096K, 0% used [0x00000000d6100000,0x00000000d6100000,0x00000000d6500000)
 ParOldGen       total 788992K, used 788534K [0x0000000080000000, 0x00000000b0280000, 0x00000000d5580000)
  object space 788992K, 99% used [0x0000000080000000,0x00000000b020d8a8,0x00000000b0280000)
 Metaspace       used 83653K, committed 85248K, reserved 1179648K
  class space    used 8317K, committed 9152K, reserved 1048576K
}
Event: 5276.012 GC heap after
{Heap after GC invocations=3434 (full 7):
 PSYoungGen      total 15872K, used 3948K [0x00000000d5580000, 0x00000000d6a80000, 0x0000000100000000)
  eden space 11776K, 0% used [0x00000000d5580000,0x00000000d5580000,0x00000000d6100000)
  from space 4096K, 96% used [0x00000000d6100000,0x00000000d64db1e0,0x00000000d6500000)
  to   space 4096K, 0% used [0x00000000d6680000,0x00000000d6680000,0x00000000d6a80000)
 ParOldGen       total 792064K, used 791912K [0x0000000080000000, 0x00000000b0580000, 0x00000000d5580000)
  object space 792064K, 99% used [0x0000000080000000,0x00000000b055a2f8,0x00000000b0580000)
 Metaspace       used 83653K, committed 85248K, reserved 1179648K
  class space    used 8317K, committed 9152K, reserved 1048576K
}
Event: 5276.018 GC heap before
{Heap before GC invocations=3435 (full 7):
 PSYoungGen      total 15872K, used 15724K [0x00000000d5580000, 0x00000000d6a80000, 0x0000000100000000)
  eden space 11776K, 100% used [0x00000000d5580000,0x00000000d6100000,0x00000000d6100000)
  from space 4096K, 96% used [0x00000000d6100000,0x00000000d64db1e0,0x00000000d6500000)
  to   space 4096K, 0% used [0x00000000d6680000,0x00000000d6680000,0x00000000d6a80000)
 ParOldGen       total 792064K, used 791912K [0x0000000080000000, 0x00000000b0580000, 0x00000000d5580000)
  object space 792064K, 99% used [0x0000000080000000,0x00000000b055a2f8,0x00000000b0580000)
 Metaspace       used 83653K, committed 85248K, reserved 1179648K
  class space    used 8317K, committed 9152K, reserved 1048576K
}
Event: 5276.024 GC heap after
{Heap after GC invocations=3435 (full 7):
 PSYoungGen      total 17408K, used 3410K [0x00000000d5580000, 0x00000000d6b80000, 0x0000000100000000)
  eden space 13312K, 0% used [0x00000000d5580000,0x00000000d5580000,0x00000000d6280000)
  from space 4096K, 83% used [0x00000000d6680000,0x00000000d69d4960,0x00000000d6a80000)
  to   space 4096K, 0% used [0x00000000d6280000,0x00000000d6280000,0x00000000d6680000)
 ParOldGen       total 796160K, used 795742K [0x0000000080000000, 0x00000000b0980000, 0x00000000d5580000)
  object space 796160K, 99% used [0x0000000080000000,0x00000000b09179c8,0x00000000b0980000)
 Metaspace       used 83653K, committed 85248K, reserved 1179648K
  class space    used 8317K, committed 9152K, reserved 1048576K
}
Event: 5276.039 GC heap before
{Heap before GC invocations=3436 (full 7):
 PSYoungGen      total 17408K, used 16722K [0x00000000d5580000, 0x00000000d6b80000, 0x0000000100000000)
  eden space 13312K, 100% used [0x00000000d5580000,0x00000000d6280000,0x00000000d6280000)
  from space 4096K, 83% used [0x00000000d6680000,0x00000000d69d4960,0x00000000d6a80000)
  to   space 4096K, 0% used [0x00000000d6280000,0x00000000d6280000,0x00000000d6680000)
 ParOldGen       total 796160K, used 795742K [0x0000000080000000, 0x00000000b0980000, 0x00000000d5580000)
  object space 796160K, 99% used [0x0000000080000000,0x00000000b0917be0,0x00000000b0980000)
 Metaspace       used 83655K, committed 85248K, reserved 1179648K
  class space    used 8317K, committed 9152K, reserved 1048576K
}
Event: 5276.041 GC heap after
{Heap after GC invocations=3436 (full 7):
 PSYoungGen      total 17408K, used 3655K [0x00000000d5580000, 0x00000000d6b80000, 0x0000000100000000)
  eden space 13312K, 0% used [0x00000000d5580000,0x00000000d5580000,0x00000000d6280000)
  from space 4096K, 89% used [0x00000000d6280000,0x00000000d6611e80,0x00000000d6680000)
  to   space 4096K, 0% used [0x00000000d6780000,0x00000000d6780000,0x00000000d6b80000)
 ParOldGen       total 799232K, used 798931K [0x0000000080000000, 0x00000000b0c80000, 0x00000000d5580000)
  object space 799232K, 99% used [0x0000000080000000,0x00000000b0c34cc0,0x00000000b0c80000)
 Metaspace       used 83655K, committed 85248K, reserved 1179648K
  class space    used 8317K, committed 9152K, reserved 1048576K
}
Event: 5276.052 GC heap before
{Heap before GC invocations=3437 (full 7):
 PSYoungGen      total 17408K, used 16967K [0x00000000d5580000, 0x00000000d6b80000, 0x0000000100000000)
  eden space 13312K, 100% used [0x00000000d5580000,0x00000000d6280000,0x00000000d6280000)
  from space 4096K, 89% used [0x00000000d6280000,0x00000000d6611e80,0x00000000d6680000)
  to   space 4096K, 0% used [0x00000000d6780000,0x00000000d6780000,0x00000000d6b80000)
 ParOldGen       total 799232K, used 799028K [0x0000000080000000, 0x00000000b0c80000, 0x00000000d5580000)
  object space 799232K, 99% used [0x0000000080000000,0x00000000b0c4d0e8,0x00000000b0c80000)
 Metaspace       used 83655K, committed 85248K, reserved 1179648K
  class space    used 8317K, committed 9152K, reserved 1048576K
}
Event: 5276.054 GC heap after
{Heap after GC invocations=3437 (full 7):
 PSYoungGen      total 15872K, used 2432K [0x00000000d5580000, 0x00000000d6a00000, 0x0000000100000000)
  eden space 13312K, 0% used [0x00000000d5580000,0x00000000d5580000,0x00000000d6280000)
  from space 2560K, 95% used [0x00000000d6780000,0x00000000d69e0000,0x00000000d6a00000)
  to   space 3072K, 0% used [0x00000000d6400000,0x00000000d6400000,0x00000000d6700000)
 ParOldGen       total 802816K, used 802384K [0x0000000080000000, 0x00000000b1000000, 0x00000000d5580000)
  object space 802816K, 99% used [0x0000000080000000,0x00000000b0f94238,0x00000000b1000000)
 Metaspace       used 83655K, committed 85248K, reserved 1179648K
  class space    used 8317K, committed 9152K, reserved 1048576K
}
Event: 5276.067 GC heap before
{Heap before GC invocations=3438 (full 7):
 PSYoungGen      total 15872K, used 15744K [0x00000000d5580000, 0x00000000d6a00000, 0x0000000100000000)
  eden space 13312K, 100% used [0x00000000d5580000,0x00000000d6280000,0x00000000d6280000)
  from space 2560K, 95% used [0x00000000d6780000,0x00000000d69e0000,0x00000000d6a00000)
  to   space 3072K, 0% used [0x00000000d6400000,0x00000000d6400000,0x00000000d6700000)
 ParOldGen       total 802816K, used 802384K [0x0000000080000000, 0x00000000b1000000, 0x00000000d5580000)
  object space 802816K, 99% used [0x0000000080000000,0x00000000b0f94238,0x00000000b1000000)
 Metaspace       used 83655K, committed 85248K, reserved 1179648K
  class space    used 8317K, committed 9152K, reserved 1048576K
}
Event: 5276.069 GC heap after
{Heap after GC invocations=3438 (full 7):
 PSYoungGen      total 15872K, used 2192K [0x00000000d5580000, 0x00000000d6800000, 0x0000000100000000)
  eden space 13312K, 0% used [0x00000000d5580000,0x00000000d5580000,0x00000000d6280000)
  from space 2560K, 85% used [0x00000000d6400000,0x00000000d6624010,0x00000000d6680000)
  to   space 1536K, 0% used [0x00000000d6680000,0x00000000d6680000,0x00000000d6800000)
 ParOldGen       total 804864K, used 804564K [0x0000000080000000, 0x00000000b1200000, 0x00000000d5580000)
  object space 804864K, 99% used [0x0000000080000000,0x00000000b11b5258,0x00000000b1200000)
 Metaspace       used 83655K, committed 85248K, reserved 1179648K
  class space    used 8317K, committed 9152K, reserved 1048576K
}
Event: 5276.085 GC heap before
{Heap before GC invocations=3439 (full 7):
 PSYoungGen      total 15872K, used 15503K [0x00000000d5580000, 0x00000000d6800000, 0x0000000100000000)
  eden space 13312K, 99% used [0x00000000d5580000,0x00000000d627ffb8,0x00000000d6280000)
  from space 2560K, 85% used [0x00000000d6400000,0x00000000d6624010,0x00000000d6680000)
  to   space 1536K, 0% used [0x00000000d6680000,0x00000000d6680000,0x00000000d6800000)
 ParOldGen       total 804864K, used 804564K [0x0000000080000000, 0x00000000b1200000, 0x00000000d5580000)
  object space 804864K, 99% used [0x0000000080000000,0x00000000b11b5258,0x00000000b1200000)
 Metaspace       used 83655K, committed 85248K, reserved 1179648K
  class space    used 8317K, committed 9152K, reserved 1048576K
}
Event: 5276.087 GC heap after
{Heap after GC invocations=3439 (full 7):
 PSYoungGen      total 13824K, used 1536K [0x00000000d5580000, 0x00000000d6c80000, 0x0000000100000000)
  eden space 12288K, 0% used [0x00000000d5580000,0x00000000d5580000,0x00000000d6180000)
  from space 1536K, 100% used [0x00000000d6680000,0x00000000d6800000,0x00000000d6800000)
  to   space 5120K, 0% used [0x00000000d6180000,0x00000000d6180000,0x00000000d6680000)
 ParOldGen       total 807424K, used 807406K [0x0000000080000000, 0x00000000b1480000, 0x00000000d5580000)
  object space 807424K, 99% used [0x0000000080000000,0x00000000b147bab8,0x00000000b1480000)
 Metaspace       used 83655K, committed 85248K, reserved 1179648K
  class space    used 8317K, committed 9152K, reserved 1048576K
}
Event: 5276.110 GC heap before
{Heap before GC invocations=3440 (full 7):
 PSYoungGen      total 13824K, used 13823K [0x00000000d5580000, 0x00000000d6c80000, 0x0000000100000000)
  eden space 12288K, 99% used [0x00000000d5580000,0x00000000d617fff0,0x00000000d6180000)
  from space 1536K, 100% used [0x00000000d6680000,0x00000000d6800000,0x00000000d6800000)
  to   space 5120K, 0% used [0x00000000d6180000,0x00000000d6180000,0x00000000d6680000)
 ParOldGen       total 807424K, used 807406K [0x0000000080000000, 0x00000000b1480000, 0x00000000d5580000)
  object space 807424K, 99% used [0x0000000080000000,0x00000000b147bab8,0x00000000b1480000)
 Metaspace       used 83658K, committed 85248K, reserved 1179648K
  class space    used 8317K, committed 9152K, reserved 1048576K
}
Event: 5276.112 GC heap after
{Heap after GC invocations=3440 (full 7):
 PSYoungGen      total 15872K, used 3296K [0x00000000d5580000, 0x00000000d6980000, 0x0000000100000000)
  eden space 12288K, 0% used [0x00000000d5580000,0x00000000d5580000,0x00000000d6180000)
  from space 3584K, 91% used [0x00000000d6180000,0x00000000d64b8000,0x00000000d6500000)
  to   space 4096K, 0% used [0x00000000d6580000,0x00000000d6580000,0x00000000d6980000)
 ParOldGen       total 808960K, used 808947K [0x0000000080000000, 0x00000000b1600000, 0x00000000d5580000)
  object space 808960K, 99% used [0x0000000080000000,0x00000000b15fccf0,0x00000000b1600000)
 Metaspace       used 83658K, committed 85248K, reserved 1179648K
  class space    used 8317K, committed 9152K, reserved 1048576K
}
Event: 5276.130 GC heap before
{Heap before GC invocations=3441 (full 7):
 PSYoungGen      total 15872K, used 15584K [0x00000000d5580000, 0x00000000d6980000, 0x0000000100000000)
  eden space 12288K, 100% used [0x00000000d5580000,0x00000000d6180000,0x00000000d6180000)
  from space 3584K, 91% used [0x00000000d6180000,0x00000000d64b8000,0x00000000d6500000)
  to   space 4096K, 0% used [0x00000000d6580000,0x00000000d6580000,0x00000000d6980000)
 ParOldGen       total 808960K, used 808947K [0x0000000080000000, 0x00000000b1600000, 0x00000000d5580000)
  object space 808960K, 99% used [0x0000000080000000,0x00000000b15fccf0,0x00000000b1600000)
 Metaspace       used 83659K, committed 85248K, reserved 1179648K
  class space    used 8317K, committed 9152K, reserved 1048576K
}
Event: 5276.132 GC heap after
{Heap after GC invocations=3441 (full 7):
 PSYoungGen      total 15360K, used 2752K [0x00000000d5580000, 0x00000000d6880000, 0x0000000100000000)
  eden space 12288K, 0% used [0x00000000d5580000,0x00000000d5580000,0x00000000d6180000)
  from space 3072K, 89% used [0x00000000d6580000,0x00000000d6830000,0x00000000d6880000)
  to   space 3072K, 0% used [0x00000000d6280000,0x00000000d6280000,0x00000000d6580000)
 ParOldGen       total 812544K, used 812121K [0x0000000080000000, 0x00000000b1980000, 0x00000000d5580000)
  object space 812544K, 99% used [0x0000000080000000,0x00000000b19167d8,0x00000000b1980000)
 Metaspace       used 83659K, committed 85248K, reserved 1179648K
  class space    used 8317K, committed 9152K, reserved 1048576K
}
Event: 5276.165 GC heap before
{Heap before GC invocations=3442 (full 7):
 PSYoungGen      total 15360K, used 15040K [0x00000000d5580000, 0x00000000d6880000, 0x0000000100000000)
  eden space 12288K, 100% used [0x00000000d5580000,0x00000000d6180000,0x00000000d6180000)
  from space 3072K, 89% used [0x00000000d6580000,0x00000000d6830000,0x00000000d6880000)
  to   space 3072K, 0% used [0x00000000d6280000,0x00000000d6280000,0x00000000d6580000)
 ParOldGen       total 812544K, used 812121K [0x0000000080000000, 0x00000000b1980000, 0x00000000d5580000)
  object space 812544K, 99% used [0x0000000080000000,0x00000000b19167d8,0x00000000b1980000)
 Metaspace       used 83660K, committed 85248K, reserved 1179648K
  class space    used 8317K, committed 9152K, reserved 1048576K
}
Event: 5276.168 GC heap after
{Heap after GC invocations=3442 (full 7):
 PSYoungGen      total 15360K, used 3040K [0x00000000d5580000, 0x00000000d6880000, 0x0000000100000000)
  eden space 12288K, 0% used [0x00000000d5580000,0x00000000d5580000,0x00000000d6180000)
  from space 3072K, 98% used [0x00000000d6280000,0x00000000d6578010,0x00000000d6580000)
  to   space 3072K, 0% used [0x00000000d6580000,0x00000000d6580000,0x00000000d6880000)
 ParOldGen       total 815104K, used 814646K [0x0000000080000000, 0x00000000b1c00000, 0x00000000d5580000)
  object space 815104K, 99% used [0x0000000080000000,0x00000000b1b8d828,0x00000000b1c00000)
 Metaspace       used 83660K, committed 85248K, reserved 1179648K
  class space    used 8317K, committed 9152K, reserved 1048576K
}

