# JRE version: OpenJDK Runtime Environment Temurin-25.0.2+10 (25.0.2+10) (build 25.0.2+10-LTS)
# Java VM: OpenJDK 64-Bit Server VM Temurin-25.0.2+10 (25.0.2+10-LTS, mixed mode, sharing, tiered, compressed oops, compressed class ptrs, g1 gc, windows-amd64)
GC Precious Log:
 CardTable entry size: 512
 Card Set container configuration: InlinePtr #cards 4 size 8 Array Of Cards #cards 16 size 48 Howl #buckets 8 coarsen threshold 3686 Howl Bitmap #cards 512 size 80 coarsen threshold 460 Card regions per heap region 1 cards per card region 4096
 CPUs: 12 total, 12 available
 Memory: 16309M
 Large Page Support: Disabled
 NUMA Support: Disabled
 Compressed Oops: Enabled (Zero based)
 Heap Region Size: 2M
 Heap Min Capacity: 8M
 Heap Initial Capacity: 256M
 Heap Max Capacity: 3G
 Pre-touch: Disabled
 Parallel Workers: 10
 Concurrent Workers: 3
 Concurrent Refinement Workers: 10
 Periodic GC: Disabled
Heap:
 garbage-first heap   total reserved 3145728K, committed 325632K, used 74702K [0x0000000740000000, 0x0000000800000000)
  region size 2048K, 5 young (10240K), 5 survivors (10240K)
GC Heap Usage History (20 events):
Event: 24.960 {heap After GC invocations=22 (full 0):
 garbage-first heap   total reserved 3145728K, committed 192512K, used 71716K [0x0000000740000000, 0x0000000800000000)
  region size 2048K, 7 young (14336K), 7 survivors (14336K)
}
Event: 24.991 {heap Before GC invocations=22 (full 0):
 garbage-first heap   total reserved 3145728K, committed 192512K, used 94244K [0x0000000740000000, 0x0000000800000000)
  region size 2048K, 8 young (16384K), 7 survivors (14336K)
}
Event: 24.996 {heap After GC invocations=23 (full 0):
 garbage-first heap   total reserved 3145728K, committed 192512K, used 71982K [0x0000000740000000, 0x0000000800000000)
  region size 2048K, 4 young (8192K), 4 survivors (8192K)
}
Event: 25.470 {heap Before GC invocations=23 (full 0):
 garbage-first heap   total reserved 3145728K, committed 192512K, used 96558K [0x0000000740000000, 0x0000000800000000)
  region size 2048K, 14 young (28672K), 4 survivors (8192K)
}
Event: 25.474 {heap After GC invocations=24 (full 0):
 garbage-first heap   total reserved 3145728K, committed 192512K, used 72438K [0x0000000740000000, 0x0000000800000000)
  region size 2048K, 4 young (8192K), 4 survivors (8192K)
}
Event: 25.747 {heap Before GC invocations=25 (full 0):
 garbage-first heap   total reserved 3145728K, committed 192512K, used 189174K [0x0000000740000000, 0x0000000800000000)
  region size 2048K, 7 young (14336K), 4 survivors (8192K)
}
Event: 25.750 {heap After GC invocations=26 (full 0):
 garbage-first heap   total reserved 3145728K, committed 200704K, used 72855K [0x0000000740000000, 0x0000000800000000)
  region size 2048K, 4 young (8192K), 4 survivors (8192K)
}
Event: 26.001 {heap Before GC invocations=26 (full 0):
 garbage-first heap   total reserved 3145728K, committed 210944K, used 208023K [0x0000000740000000, 0x0000000800000000)
  region size 2048K, 11 young (22528K), 4 survivors (8192K)
}
Event: 26.006 {heap After GC invocations=27 (full 0):
 garbage-first heap   total reserved 3145728K, committed 221184K, used 73105K [0x0000000740000000, 0x0000000800000000)
  region size 2048K, 4 young (8192K), 4 survivors (8192K)
}
Event: 27.983 {heap Before GC invocations=27 (full 0):
 garbage-first heap   total reserved 3145728K, committed 221184K, used 163217K [0x0000000740000000, 0x0000000800000000)
  region size 2048K, 49 young (100352K), 4 survivors (8192K)
}
Event: 27.990 {heap After GC invocations=28 (full 0):
 garbage-first heap   total reserved 3145728K, committed 325632K, used 73066K [0x0000000740000000, 0x0000000800000000)
  region size 2048K, 4 young (8192K), 4 survivors (8192K)
}
Event: 28.054 {heap Before GC invocations=28 (full 0):
 garbage-first heap   total reserved 3145728K, committed 325632K, used 83306K [0x0000000740000000, 0x0000000800000000)
  region size 2048K, 8 young (16384K), 4 survivors (8192K)
}
Event: 28.059 {heap After GC invocations=29 (full 0):
 garbage-first heap   total reserved 3145728K, committed 325632K, used 73692K [0x0000000740000000, 0x0000000800000000)
  region size 2048K, 5 young (10240K), 5 survivors (10240K)
}
Event: 28.189 {heap Before GC invocations=29 (full 0):
 garbage-first heap   total reserved 3145728K, committed 325632K, used 106460K [0x0000000740000000, 0x0000000800000000)
  region size 2048K, 11 young (22528K), 5 survivors (10240K)
}
Event: 28.195 {heap After GC invocations=30 (full 0):
 garbage-first heap   total reserved 3145728K, committed 325632K, used 74491K [0x0000000740000000, 0x0000000800000000)
  region size 2048K, 5 young (10240K), 5 survivors (10240K)
}
Event: 28.231 {heap Before GC invocations=30 (full 0):
 garbage-first heap   total reserved 3145728K, committed 325632K, used 101115K [0x0000000740000000, 0x0000000800000000)
  region size 2048K, 8 young (16384K), 5 survivors (10240K)
}
Event: 28.237 {heap After GC invocations=31 (full 0):
 garbage-first heap   total reserved 3145728K, committed 325632K, used 74829K [0x0000000740000000, 0x0000000800000000)
  region size 2048K, 5 young (10240K), 5 survivors (10240K)
}
Event: 28.241 {heap Before GC invocations=31 (full 0):
 garbage-first heap   total reserved 3145728K, committed 325632K, used 76877K [0x0000000740000000, 0x0000000800000000)
  region size 2048K, 6 young (12288K), 5 survivors (10240K)
}
Event: 28.246 {heap After GC invocations=32 (full 0):
 garbage-first heap   total reserved 3145728K, committed 325632K, used 74693K [0x0000000740000000, 0x0000000800000000)
  region size 2048K, 5 young (10240K), 5 survivors (10240K)
}
Event: 28.273 {heap Before GC invocations=32 (full 0):
 garbage-first heap   total reserved 3145728K, committed 325632K, used 97221K [0x0000000740000000, 0x0000000800000000)
  region size 2048K, 6 young (12288K), 5 survivors (10240K)
}

